Added Pin To Net: NetName=GND Pin=B1-2
Added Pin To Net: NetName=GND Pin=B2-2
Added Pin To Net: NetName=GND Pin=C22-2
Added Pin To Net: NetName=GND Pin=C23-1
Added Pin To Net: NetName=GND Pin=C24-1
Added Pin To Net: NetName=GND Pin=C25-2
Added Pin To Net: NetName=GND Pin=P5-2
Added Pin To Net: NetName=GND Pin=Q1-3
Added Pin To Net: NetName=GND Pin=Q2-3
Added Pin To Net: NetName=GND Pin=U12-2
Added Pin To Net: NetName=GND Pin=U12-5
Added Net: Name=GND
Added Pin To Net: NetName=NetQ1_1 Pin=Q1-1
Added Pin To Net: NetName=NetQ1_1 Pin=Q2-1
Added Pin To Net: NetName=NetQ1_1 Pin=U12-1
Added Net: Name=NetQ1_1
Added Pin To Net: NetName=NetR64_2 Pin=R64-2
Added Pin To Net: NetName=NetR64_2 Pin=R65-1
Added Pin To Net: NetName=NetR64_2 Pin=U12-3
Added Net: Name=NetR64_2
Added Pin To Net: NetName=NetU12_6 Pin=U12-6
Added Pin To Net: NetName=NetU12_6 Pin=U12-7
Added Net: Name=NetU12_6
Added Pin To Net: NetName=V+ Pin=B1-1
Added Pin To Net: NetName=V+ Pin=C24-2
Added Pin To Net: NetName=V+ Pin=P1-2
Added Pin To Net: NetName=V+ Pin=Q1-2
Added Pin To Net: NetName=V+ Pin=R65-2
Added Pin To Net: NetName=V+ Pin=U12-8
Added Net: Name=V+
Added Pin To Net: NetName=V- Pin=B2-1
Added Pin To Net: NetName=V- Pin=C25-1
Added Pin To Net: NetName=V- Pin=P1-1
Added Pin To Net: NetName=V- Pin=Q2-2
Added Pin To Net: NetName=V- Pin=R64-1
Added Pin To Net: NetName=V- Pin=U12-4
Added Net: Name=V-
Added Pin To Net: NetName=V_NEG_POW Pin=B2-3
Added Pin To Net: NetName=V_NEG_POW Pin=C22-1
Added Pin To Net: NetName=V_NEG_POW Pin=C50-2
Added Pin To Net: NetName=V_NEG_POW Pin=C51-2
Added Pin To Net: NetName=V_NEG_POW Pin=P5-3
Added Net: Name=V_NEG_POW
Added Pin To Net: NetName=V_POS_POW Pin=B1-3
Added Pin To Net: NetName=V_POS_POW Pin=C23-2
Added Pin To Net: NetName=V_POS_POW Pin=C50-1
Added Pin To Net: NetName=V_POS_POW Pin=C51-1
Added Pin To Net: NetName=V_POS_POW Pin=P5-1
Added Net: Name=V_POS_POW
Added Class: Name=Power_Supply
