Removed Pin From Net: NetName=out1 Pin=R42-1
Removed Pin From Net: NetName=VarResN6 Pin=R42-2
Removed Pin From Net: NetName=out2 Pin=R43-1
Removed Pin From Net: NetName=VarResN6 Pin=R43-2
Removed Pin From Net: NetName=out3 Pin=R44-1
Removed Pin From Net: NetName=VarResN6 Pin=R44-2
Removed Pin From Net: NetName=out4 Pin=R45-1
Removed Pin From Net: NetName=VarResN6 Pin=R45-2
Removed Pin From Net: NetName=out5 Pin=R46-1
Removed Pin From Net: NetName=VarResN6 Pin=R46-2
Change Component Footprint: Designator=R42 Old Footprint=AXIAL-0.3 New Footprint=RESA60-630X240
Change Component Footprint: Designator=R43 Old Footprint=AXIAL-0.3 New Footprint=RESA60-630X240
Change Component Footprint: Designator=R44 Old Footprint=AXIAL-0.3 New Footprint=RESA60-630X240
Change Component Footprint: Designator=R45 Old Footprint=AXIAL-0.3 New Footprint=RESA60-630X240
Change Component Footprint: Designator=R46 Old Footprint=AXIAL-0.3 New Footprint=RESA60-630X240
Change Component Comment : Designator=R42 Old Comment=Res1 New Comment=MFR-25FBF52-221R
Change Component Comment : Designator=R43 Old Comment=Res1 New Comment=MFR-25FBF52-221R
Change Component Comment : Designator=R44 Old Comment=Res1 New Comment=MFR-25FBF52-221R
Change Component Comment : Designator=R45 Old Comment=Res1 New Comment=MFR-25FBF52-221R
Change Component Comment : Designator=R46 Old Comment=Res1 New Comment=MFR-25FBF52-221R
Change Managed Component Library Link : Designator=R42 Old VaultGUID= New VaultGUID=661B04FD-AF58-419C-8CC9-EF4B2017241B Old ItemGUID= New ItemGUID=15FC6997-CDAC-4B6B-BC99-287A91C4499F Old RevisionGUID= New RevisionGUID=C696322B-FD77-45D8-8F5E-6E744EE73986
Change Managed Component Library Link : Designator=R43 Old VaultGUID= New VaultGUID=661B04FD-AF58-419C-8CC9-EF4B2017241B Old ItemGUID= New ItemGUID=15FC6997-CDAC-4B6B-BC99-287A91C4499F Old RevisionGUID= New RevisionGUID=C696322B-FD77-45D8-8F5E-6E744EE73986
Change Managed Component Library Link : Designator=R44 Old VaultGUID= New VaultGUID=661B04FD-AF58-419C-8CC9-EF4B2017241B Old ItemGUID= New ItemGUID=15FC6997-CDAC-4B6B-BC99-287A91C4499F Old RevisionGUID= New RevisionGUID=C696322B-FD77-45D8-8F5E-6E744EE73986
Change Managed Component Library Link : Designator=R45 Old VaultGUID= New VaultGUID=661B04FD-AF58-419C-8CC9-EF4B2017241B Old ItemGUID= New ItemGUID=15FC6997-CDAC-4B6B-BC99-287A91C4499F Old RevisionGUID= New RevisionGUID=C696322B-FD77-45D8-8F5E-6E744EE73986
Change Managed Component Library Link : Designator=R46 Old VaultGUID= New VaultGUID=661B04FD-AF58-419C-8CC9-EF4B2017241B Old ItemGUID= New ItemGUID=15FC6997-CDAC-4B6B-BC99-287A91C4499F Old RevisionGUID= New RevisionGUID=C696322B-FD77-45D8-8F5E-6E744EE73986
Change component parameters: Designator = "R42" ("R42"); Footprint = "AXIAL-0.3"; UniqueID = "\WFUBLSJT" ("\WFUBLSJT")
Change component parameters (AddParameter): Name = "Case/Package"; Value = "Axial"; VariantName = "[No Variations]"
Change component parameters (AddParameter): Name = "Datasheet URL"; Value = "http://www.yageo.com/documents/recent/Yageo%20LR_MFR_2013.pdf"; VariantName = "[No Variations]"
Change component parameters (AddParameter): Name = "Datasheet Version"; Value = "Apr-13"; VariantName = "[No Variations]"
Change component parameters (AddParameter): Name = "Manufacturer"; Value = "Yageo"; VariantName = "[No Variations]"
Change component parameters (AddParameter): Name = "Manufacturer URL"; Value = "http://www.yageo.com/"; VariantName = "[No Variations]"
Change component parameters (AddParameter): Name = "Max Operating Temperature"; Value = "155°C"; VariantName = "[No Variations]"
Change component parameters (AddParameter): Name = "Min Operating Temperature"; Value = "-55°C"; VariantName = "[No Variations]"
Change component parameters (AddParameter): Name = "Mounting Technology"; Value = "TH"; VariantName = "[No Variations]"
Change component parameters (AddParameter): Name = "Package Description"; Value = "2-Pin Axial Lead, Dia 2.4 mm, Body Length 6.3 mm"; VariantName = "[No Variations]"
Change component parameters (AddParameter): Name = "Package Quantity"; Value = "200"; VariantName = "[No Variations]"
Change component parameters (AddParameter): Name = "Package Reference"; Value = "MFR-25"; VariantName = "[No Variations]"
Change component parameters (AddParameter): Name = "Packaging"; Value = "Bulk"; VariantName = "[No Variations]"
Change component parameters (AddParameter): Name = "Pins"; Value = ""; VariantName = "[No Variations]"
Change component parameters (AddParameter): Name = "Power"; Value = "250mW"; VariantName = "[No Variations]"
Change component parameters (AddParameter): Name = "RoHS Compliant"; Value = "True"; VariantName = "[No Variations]"
Change component parameters (AddParameter): Name = "Tolerance"; Value = "1%"; VariantName = "[No Variations]"
Change component parameters (AddParameter): Name = "Value"; Value = "5K"; VariantName = "[No Variations]"
Change component parameters (AddParameter): Name = "Voltage Rating"; Value = "250V"; VariantName = "[No Variations]"
Change component parameters: Designator = "R43" ("R43"); Footprint = "AXIAL-0.3"; UniqueID = "\EBASLAFX" ("\EBASLAFX")
Change component parameters (AddParameter): Name = "Case/Package"; Value = "Axial"; VariantName = "[No Variations]"
Change component parameters (AddParameter): Name = "Datasheet URL"; Value = "http://www.yageo.com/documents/recent/Yageo%20LR_MFR_2013.pdf"; VariantName = "[No Variations]"
Change component parameters (AddParameter): Name = "Datasheet Version"; Value = "Apr-13"; VariantName = "[No Variations]"
Change component parameters (AddParameter): Name = "Manufacturer"; Value = "Yageo"; VariantName = "[No Variations]"
Change component parameters (AddParameter): Name = "Manufacturer URL"; Value = "http://www.yageo.com/"; VariantName = "[No Variations]"
Change component parameters (AddParameter): Name = "Max Operating Temperature"; Value = "155°C"; VariantName = "[No Variations]"
Change component parameters (AddParameter): Name = "Min Operating Temperature"; Value = "-55°C"; VariantName = "[No Variations]"
Change component parameters (AddParameter): Name = "Mounting Technology"; Value = "TH"; VariantName = "[No Variations]"
Change component parameters (AddParameter): Name = "Package Description"; Value = "2-Pin Axial Lead, Dia 2.4 mm, Body Length 6.3 mm"; VariantName = "[No Variations]"
Change component parameters (AddParameter): Name = "Package Quantity"; Value = "200"; VariantName = "[No Variations]"
Change component parameters (AddParameter): Name = "Package Reference"; Value = "MFR-25"; VariantName = "[No Variations]"
Change component parameters (AddParameter): Name = "Packaging"; Value = "Bulk"; VariantName = "[No Variations]"
Change component parameters (AddParameter): Name = "Pins"; Value = ""; VariantName = "[No Variations]"
Change component parameters (AddParameter): Name = "Power"; Value = "250mW"; VariantName = "[No Variations]"
Change component parameters (AddParameter): Name = "RoHS Compliant"; Value = "True"; VariantName = "[No Variations]"
Change component parameters (AddParameter): Name = "Tolerance"; Value = "1%"; VariantName = "[No Variations]"
Change component parameters (AddParameter): Name = "Value"; Value = "5K"; VariantName = "[No Variations]"
Change component parameters (AddParameter): Name = "Voltage Rating"; Value = "250V"; VariantName = "[No Variations]"
Change component parameters: Designator = "R44" ("R44"); Footprint = "AXIAL-0.3"; UniqueID = "\FRTJBEEP" ("\FRTJBEEP")
Change component parameters (AddParameter): Name = "Case/Package"; Value = "Axial"; VariantName = "[No Variations]"
Change component parameters (AddParameter): Name = "Datasheet URL"; Value = "http://www.yageo.com/documents/recent/Yageo%20LR_MFR_2013.pdf"; VariantName = "[No Variations]"
Change component parameters (AddParameter): Name = "Datasheet Version"; Value = "Apr-13"; VariantName = "[No Variations]"
Change component parameters (AddParameter): Name = "Manufacturer"; Value = "Yageo"; VariantName = "[No Variations]"
Change component parameters (AddParameter): Name = "Manufacturer URL"; Value = "http://www.yageo.com/"; VariantName = "[No Variations]"
Change component parameters (AddParameter): Name = "Max Operating Temperature"; Value = "155°C"; VariantName = "[No Variations]"
Change component parameters (AddParameter): Name = "Min Operating Temperature"; Value = "-55°C"; VariantName = "[No Variations]"
Change component parameters (AddParameter): Name = "Mounting Technology"; Value = "TH"; VariantName = "[No Variations]"
Change component parameters (AddParameter): Name = "Package Description"; Value = "2-Pin Axial Lead, Dia 2.4 mm, Body Length 6.3 mm"; VariantName = "[No Variations]"
Change component parameters (AddParameter): Name = "Package Quantity"; Value = "200"; VariantName = "[No Variations]"
Change component parameters (AddParameter): Name = "Package Reference"; Value = "MFR-25"; VariantName = "[No Variations]"
Change component parameters (AddParameter): Name = "Packaging"; Value = "Bulk"; VariantName = "[No Variations]"
Change component parameters (AddParameter): Name = "Pins"; Value = ""; VariantName = "[No Variations]"
Change component parameters (AddParameter): Name = "Power"; Value = "250mW"; VariantName = "[No Variations]"
Change component parameters (AddParameter): Name = "RoHS Compliant"; Value = "True"; VariantName = "[No Variations]"
Change component parameters (AddParameter): Name = "Tolerance"; Value = "1%"; VariantName = "[No Variations]"
Change component parameters (AddParameter): Name = "Value"; Value = "5K"; VariantName = "[No Variations]"
Change component parameters (AddParameter): Name = "Voltage Rating"; Value = "250V"; VariantName = "[No Variations]"
Change component parameters: Designator = "R45" ("R45"); Footprint = "AXIAL-0.3"; UniqueID = "\VMLAKKUR" ("\VMLAKKUR")
Change component parameters (AddParameter): Name = "Case/Package"; Value = "Axial"; VariantName = "[No Variations]"
Change component parameters (AddParameter): Name = "Datasheet URL"; Value = "http://www.yageo.com/documents/recent/Yageo%20LR_MFR_2013.pdf"; VariantName = "[No Variations]"
Change component parameters (AddParameter): Name = "Datasheet Version"; Value = "Apr-13"; VariantName = "[No Variations]"
Change component parameters (AddParameter): Name = "Manufacturer"; Value = "Yageo"; VariantName = "[No Variations]"
Change component parameters (AddParameter): Name = "Manufacturer URL"; Value = "http://www.yageo.com/"; VariantName = "[No Variations]"
Change component parameters (AddParameter): Name = "Max Operating Temperature"; Value = "155°C"; VariantName = "[No Variations]"
Change component parameters (AddParameter): Name = "Min Operating Temperature"; Value = "-55°C"; VariantName = "[No Variations]"
Change component parameters (AddParameter): Name = "Mounting Technology"; Value = "TH"; VariantName = "[No Variations]"
Change component parameters (AddParameter): Name = "Package Description"; Value = "2-Pin Axial Lead, Dia 2.4 mm, Body Length 6.3 mm"; VariantName = "[No Variations]"
Change component parameters (AddParameter): Name = "Package Quantity"; Value = "200"; VariantName = "[No Variations]"
Change component parameters (AddParameter): Name = "Package Reference"; Value = "MFR-25"; VariantName = "[No Variations]"
Change component parameters (AddParameter): Name = "Packaging"; Value = "Bulk"; VariantName = "[No Variations]"
Change component parameters (AddParameter): Name = "Pins"; Value = ""; VariantName = "[No Variations]"
Change component parameters (AddParameter): Name = "Power"; Value = "250mW"; VariantName = "[No Variations]"
Change component parameters (AddParameter): Name = "RoHS Compliant"; Value = "True"; VariantName = "[No Variations]"
Change component parameters (AddParameter): Name = "Tolerance"; Value = "1%"; VariantName = "[No Variations]"
Change component parameters (AddParameter): Name = "Value"; Value = "5K"; VariantName = "[No Variations]"
Change component parameters (AddParameter): Name = "Voltage Rating"; Value = "250V"; VariantName = "[No Variations]"
Change component parameters: Designator = "R46" ("R46"); Footprint = "AXIAL-0.3"; UniqueID = "\TTBVKVCC" ("\TTBVKVCC")
Change component parameters (AddParameter): Name = "Case/Package"; Value = "Axial"; VariantName = "[No Variations]"
Change component parameters (AddParameter): Name = "Datasheet URL"; Value = "http://www.yageo.com/documents/recent/Yageo%20LR_MFR_2013.pdf"; VariantName = "[No Variations]"
Change component parameters (AddParameter): Name = "Datasheet Version"; Value = "Apr-13"; VariantName = "[No Variations]"
Change component parameters (AddParameter): Name = "Manufacturer"; Value = "Yageo"; VariantName = "[No Variations]"
Change component parameters (AddParameter): Name = "Manufacturer URL"; Value = "http://www.yageo.com/"; VariantName = "[No Variations]"
Change component parameters (AddParameter): Name = "Max Operating Temperature"; Value = "155°C"; VariantName = "[No Variations]"
Change component parameters (AddParameter): Name = "Min Operating Temperature"; Value = "-55°C"; VariantName = "[No Variations]"
Change component parameters (AddParameter): Name = "Mounting Technology"; Value = "TH"; VariantName = "[No Variations]"
Change component parameters (AddParameter): Name = "Package Description"; Value = "2-Pin Axial Lead, Dia 2.4 mm, Body Length 6.3 mm"; VariantName = "[No Variations]"
Change component parameters (AddParameter): Name = "Package Quantity"; Value = "200"; VariantName = "[No Variations]"
Change component parameters (AddParameter): Name = "Package Reference"; Value = "MFR-25"; VariantName = "[No Variations]"
Change component parameters (AddParameter): Name = "Packaging"; Value = "Bulk"; VariantName = "[No Variations]"
Change component parameters (AddParameter): Name = "Pins"; Value = ""; VariantName = "[No Variations]"
Change component parameters (AddParameter): Name = "Power"; Value = "250mW"; VariantName = "[No Variations]"
Change component parameters (AddParameter): Name = "RoHS Compliant"; Value = "True"; VariantName = "[No Variations]"
Change component parameters (AddParameter): Name = "Tolerance"; Value = "1%"; VariantName = "[No Variations]"
Change component parameters (AddParameter): Name = "Value"; Value = "5K"; VariantName = "[No Variations]"
Change component parameters (AddParameter): Name = "Voltage Rating"; Value = "250V"; VariantName = "[No Variations]"
Added Pin To Net: NetName=VarResN6 Pin=R42-1
Added Pin To Net: NetName=out1 Pin=R42-2
Added Pin To Net: NetName=VarResN6 Pin=R43-1
Added Pin To Net: NetName=out2 Pin=R43-2
Added Pin To Net: NetName=VarResN6 Pin=R44-1
Added Pin To Net: NetName=out3 Pin=R44-2
Added Pin To Net: NetName=VarResN6 Pin=R45-1
Added Pin To Net: NetName=out4 Pin=R45-2
Added Pin To Net: NetName=VarResN6 Pin=R46-1
Added Pin To Net: NetName=out5 Pin=R46-2
Added Member To Class: ClassName=Main Member=Component U6 TL072CP
