Removed Pin From Net: NetName=VarResP1 Pin=B3-1
Removed Pin From Net: NetName=out1 Pin=B3-2
Removed Pin From Net: NetName=Input Pin=R9-1
Removed Pin From Net: NetName=NetC6_1 Pin=R9-2
Removed Member From Class: ClassName=Main Member=B3
Change Component Footprint: Designator=R9 Old Footprint=RESC3116X70X50ML13T20 New Footprint=AXIAL-0.3
Change Footprint: Footprint Not Found TO254P470X1028X1955-3P
Change Component Comment : Designator=R9 Old Comment=3.3k New Comment=Res1
Change Managed Component Library Link : Designator=R9 Old VaultGUID=661B04FD-AF58-419C-8CC9-EF4B2017241B New VaultGUID= Old ItemGUID=016ED47F-16CF-4F27-AB96-171BA953B77A New ItemGUID= Old RevisionGUID=D83D07FF-3C0D-44F0-B35E-6E52C5106C1C New RevisionGUID=
Change component parameters: Designator = "R9" ("R9"); Footprint = "RESC3116X70X50ML13T20"; UniqueID = "\GKILNVSQ" ("\GKILNVSQ")
Change component parameters (AddParameter): Name = "LatestRevisionDate"; Value = "17-Jul-2002"; VariantName = "[No Variations]"
Change component parameters (AddParameter): Name = "LatestRevisionNote"; Value = "Re-released for DXP Platform."; VariantName = "[No Variations]"
Change component parameters (AddParameter): Name = "PackageDescription"; Value = "Axial Device, Thru-Hole; 2 Leads; 0.3 in Pin Spacing"; VariantName = "[No Variations]"
Change component parameters (AddParameter): Name = "PackageReference"; Value = "AXIAL-0.3"; VariantName = "[No Variations]"
Change component parameters (AddParameter): Name = "Published"; Value = "8-Jun-2000"; VariantName = "[No Variations]"
Change component parameters (AddParameter): Name = "Publisher"; Value = "Altium Limited"; VariantName = "[No Variations]"
Change component parameters (AddParameter): Name = "Value"; Value = "3.3K"; VariantName = "[No Variations]"
Added Component: Designator=B2(TO254P470X1028X1955-3P)
Add component (AddParameter): Name = "Arrow Part Number"; Value = "LM7912CT"; VariantName = "[No Variations]"
Add component (AddParameter): Name = "Arrow Price/Stock"; Value = "https://www.arrow.com/en/products/lm7912ct/texas-instruments?region=nac"; VariantName = "[No Variations]"
Add component (AddParameter): Name = "Datasheet Link"; Value = "https://mouser.componentsearchengine.com/Datasheets/2/LM7912CT.pdf"; VariantName = "[No Variations]"
Add component (AddParameter): Name = "Height"; Value = "4.7mm"; VariantName = "[No Variations]"
Add component (AddParameter): Name = "Manufacturer_Name"; Value = "Texas Instruments"; VariantName = "[No Variations]"
Add component (AddParameter): Name = "Manufacturer_Part_Number"; Value = "LM7912CT"; VariantName = "[No Variations]"
Add component (AddParameter): Name = "Mouser Part Number"; Value = "926-LM7912CT"; VariantName = "[No Variations]"
Add component (AddParameter): Name = "Mouser Price/Stock"; Value = "https://www.mouser.co.uk/ProductDetail/Texas-Instruments/LM7912CT?qs=QbsRYf82W3H7yxuMWzBX%252BQ%3D%3D"; VariantName = "[No Variations]"
Added Component: Designator=B?(14910F0GJSX10103KA)
Add component (AddParameter): Name = "Arrow Part Number"; Value = ""; VariantName = "[No Variations]"
Add component (AddParameter): Name = "Arrow Price/Stock"; Value = ""; VariantName = "[No Variations]"
Add component (AddParameter): Name = "Datasheet Link"; Value = "https://www.mouser.com/datasheet/2/427/148149-239924.pdf"; VariantName = "[No Variations]"
Add component (AddParameter): Name = "Manufacturer_Name"; Value = "Vishay"; VariantName = "[No Variations]"
Add component (AddParameter): Name = "Manufacturer_Part_Number"; Value = "14910A0BHSX10502KA"; VariantName = "[No Variations]"
Add component (AddParameter): Name = "Mouser Part Number"; Value = "594-14910A0BHSP502KA"; VariantName = "[No Variations]"
Add component (AddParameter): Name = "Mouser Price/Stock"; Value = "https://www.mouser.co.uk/ProductDetail/Vishay-Spectrol/14910A0BHSX10502KA?qs=sKxHajcpPaBuEjDBnLxOZg%3D%3D"; VariantName = "[No Variations]"
Added Pin To Net: NetName=Raw_V_POS Pin=B2-1
Added Pin To Net: NetName=GND Pin=B2-2
Added Pin To Net: NetName=V_NEG Pin=B2-3
Added Pin To Net: NetName=VarResP1 Pin=B?-1
Added Pin To Net: NetName=out1 Pin=B?-2
Added Pin To Net: NetName=NetC6_1 Pin=R9-1
Added Pin To Net: NetName=Input Pin=R9-2
Added Member To Class: ClassName=Main Member=Component B2 LM7912CT
Added Member To Class: ClassName=Main Member=Component B? 14910A0BHSX10502KA
