Remove Pin=B3-1 From Net=VarResP1
Remove Pin=B3-2 From Net=out1
Remove Pin=B4-1 From Net=VarResP2
Remove Pin=B4-2 From Net=out2
Remove Pin=B5-1 From Net=VarResP3
Remove Pin=B5-2 From Net=out3
Remove Pin=B6-1 From Net=VarResP4
Remove Pin=B6-2 From Net=out4
Remove Pin=B7-1 From Net=VarResP5
Remove Pin=B7-2 From Net=out5
Remove Pin=B8-1 From Net=mainout
Remove Pin=B8-2 From Net=VarResN6
Remove Pin=P6-1 From Net=V_POS
Remove Pin=P6-3 From Net=V_NEG
Remove Pin=R1-1 From Net=Input
Remove Pin=R7-2 From Net=Filter1Out
Remove Pin=R9-1 From Net=Input
Remove Pin=R15-2 From Net=Filter2Out
Remove Pin=R17-1 From Net=Input
Remove Pin=R23-2 From Net=Filter3Out
Remove Pin=R24-2 From Net=Filter4Out
Remove Pin=R26-1 From Net=Input
Remove Pin=R34-1 From Net=Input
Remove Pin=R40-2 From Net=Filter5Out
Remove Pin=R42-2 From Net=out1
Remove Pin=R43-2 From Net=out2
Remove Pin=R44-2 From Net=out3
Remove Pin=R45-2 From Net=out4
Remove Pin=R46-2 From Net=out5
Remove Pin=U1-4 From Net=V_NEG
Remove Pin=U1-8 From Net=V_POS
Remove Pin=U2-4 From Net=V_NEG
Remove Pin=U2-8 From Net=V_POS
Remove Pin=U3-4 From Net=V_NEG
Remove Pin=U3-8 From Net=V_POS
Remove Pin=U4-4 From Net=V_NEG
Remove Pin=U4-8 From Net=V_POS
Remove Pin=U5-4 From Net=V_NEG
Remove Pin=U5-8 From Net=V_POS
Remove Pin=U6-4 From Net=V_NEG
Remove Pin=U6-8 From Net=V_POS
Remove Pin=U7-4 From Net=V_NEG
Remove Pin=U7-8 From Net=V_POS
Remove Pin=U8-4 From Net=V_NEG
Remove Pin=U8-8 From Net=V_POS
Remove Pin=U9-4 From Net=V_NEG
Remove Pin=U9-8 From Net=V_POS
