Removed Pin From Net: NetName=Input Pin=J1-3
Change Footprint: Footprint Not Found TO254P470X1028X1955-3P
Change Component Designator: OldDesignator=C? NewDesignator=C30
Change Component Designator: OldDesignator=C? NewDesignator=C31
Add Component: Footprint Not Found TO254P470X1028X1955-3P
Add Component: Footprint Not Found 14910F0GJSX10103KA
Add Component: Footprint Not Found 14910F0GJSX10103KA
Add Component: Footprint Not Found 14910F0GJSX10103KA
Add Component: Footprint Not Found 14910F0GJSX10103KA
Add Component: Footprint Not Found 14910F0GJSX10103KA
Add Component: Footprint Not Found 14910F0GJSX10103KA
Added Component: Designator=J2(CUI_SJ1-3523N)
Add component (AddParameter): Name = "Availability"; Value = "Unavailable"; VariantName = "[No Variations]"
Add component (AddParameter): Name = "Case/Package"; Value = "None"; VariantName = "[No Variations]"
Add component (AddParameter): Name = "Component Type"; Value = "Standard"; VariantName = "[No Variations]"
Add component (AddParameter): Name = "Design Item ID"; Value = "SJ1-3523N"; VariantName = "[No Variations]"
Add component (AddParameter): Name = "MP"; Value = "SJ1-3523N"; VariantName = "[No Variations]"
Add component (AddParameter): Name = "Pins"; Value = "3"; VariantName = "[No Variations]"
Add component (AddParameter): Name = "Price"; Value = "None"; VariantName = "[No Variations]"
Add component (AddParameter): Name = "Source"; Value = "SJ1-3523N.SchLib"; VariantName = "[No Variations]"
Add component (AddParameter): Name = "Value"; Value = ""; VariantName = "[No Variations]"
Added Component: Designator=P3(JST-S4B-XH-A(LF)(SN)_V)
Add component (AddParameter): Name = "Case/Package"; Value = "S4B-XH-A(LF)(SN)"; VariantName = "[No Variations]"
Add component (AddParameter): Name = "Connector Type"; Value = "Header"; VariantName = "[No Variations]"
Add component (AddParameter): Name = "Datasheet URL"; Value = "http://www.jst-mfg.com/product/pdf/eng/eXH.pdf"; VariantName = "[No Variations]"
Add component (AddParameter): Name = "Datasheet Version"; Value = "May-16"; VariantName = "[No Variations]"
Add component (AddParameter): Name = "Gender"; Value = "Male"; VariantName = "[No Variations]"
Add component (AddParameter): Name = "Manufacturer"; Value = "JST"; VariantName = "[No Variations]"
Add component (AddParameter): Name = "Manufacturer URL"; Value = "http://www.jst.com/home2.html"; VariantName = "[No Variations]"
Add component (AddParameter): Name = "Max Current Rating"; Value = ""; VariantName = "[No Variations]"
Add component (AddParameter): Name = "Max Operating Temperature"; Value = "85°C"; VariantName = "[No Variations]"
Add component (AddParameter): Name = "Min Operating Temperature"; Value = "-25°C"; VariantName = "[No Variations]"
Add component (AddParameter): Name = "Mounting Technology"; Value = "TH"; VariantName = "[No Variations]"
Add component (AddParameter): Name = "Package Description"; Value = "XH Series Disconnectable Crimp Style Connector, Pitch 2.5 mm, 1 x 4 Position, Height 6.1 mm, Tail Length 3.4 mm"; VariantName = "[No Variations]"
Add component (AddParameter): Name = "Package Reference"; Value = "S4B-XH-A(LF)(SN)"; VariantName = "[No Variations]"
Add component (AddParameter): Name = "Pins"; Value = ""; VariantName = "[No Variations]"
Add component (AddParameter): Name = "RoHS Compliant"; Value = "Unknown"; VariantName = "[No Variations]"
Add component (AddParameter): Name = "Voltage Rating"; Value = ""; VariantName = "[No Variations]"
Added Component: Designator=R48(AXIAL-0.3)
Add component (AddParameter): Name = "LatestRevisionDate"; Value = "17-Jul-2002"; VariantName = "[No Variations]"
Add component (AddParameter): Name = "LatestRevisionNote"; Value = "Re-released for DXP Platform."; VariantName = "[No Variations]"
Add component (AddParameter): Name = "PackageDescription"; Value = "Axial Device, Thru-Hole; 2 Leads; 0.3 in Pin Spacing"; VariantName = "[No Variations]"
Add component (AddParameter): Name = "PackageReference"; Value = "AXIAL-0.3"; VariantName = "[No Variations]"
Add component (AddParameter): Name = "Published"; Value = "8-Jun-2000"; VariantName = "[No Variations]"
Add component (AddParameter): Name = "Publisher"; Value = "Altium Limited"; VariantName = "[No Variations]"
Add component (AddParameter): Name = "Value"; Value = "68K"; VariantName = "[No Variations]"
Added Component: Designator=R49(AXIAL-0.3)
Add component (AddParameter): Name = "LatestRevisionDate"; Value = "17-Jul-2002"; VariantName = "[No Variations]"
Add component (AddParameter): Name = "LatestRevisionNote"; Value = "Re-released for DXP Platform."; VariantName = "[No Variations]"
Add component (AddParameter): Name = "PackageDescription"; Value = "Axial Device, Thru-Hole; 2 Leads; 0.3 in Pin Spacing"; VariantName = "[No Variations]"
Add component (AddParameter): Name = "PackageReference"; Value = "AXIAL-0.3"; VariantName = "[No Variations]"
Add component (AddParameter): Name = "Published"; Value = "8-Jun-2000"; VariantName = "[No Variations]"
Add component (AddParameter): Name = "Publisher"; Value = "Altium Limited"; VariantName = "[No Variations]"
Add component (AddParameter): Name = "Value"; Value = "39K"; VariantName = "[No Variations]"
Added Component: Designator=R50(AXIAL-0.3)
Add component (AddParameter): Name = "LatestRevisionDate"; Value = "17-Jul-2002"; VariantName = "[No Variations]"
Add component (AddParameter): Name = "LatestRevisionNote"; Value = "Re-released for DXP Platform."; VariantName = "[No Variations]"
Add component (AddParameter): Name = "PackageDescription"; Value = "Axial Device, Thru-Hole; 2 Leads; 0.3 in Pin Spacing"; VariantName = "[No Variations]"
Add component (AddParameter): Name = "PackageReference"; Value = "AXIAL-0.3"; VariantName = "[No Variations]"
Add component (AddParameter): Name = "Published"; Value = "8-Jun-2000"; VariantName = "[No Variations]"
Add component (AddParameter): Name = "Publisher"; Value = "Altium Limited"; VariantName = "[No Variations]"
Add component (AddParameter): Name = "Value"; Value = "39K"; VariantName = "[No Variations]"
Added Component: Designator=R51(AXIAL-0.3)
Add component (AddParameter): Name = "LatestRevisionDate"; Value = "17-Jul-2002"; VariantName = "[No Variations]"
Add component (AddParameter): Name = "LatestRevisionNote"; Value = "Re-released for DXP Platform."; VariantName = "[No Variations]"
Add component (AddParameter): Name = "PackageDescription"; Value = "Axial Device, Thru-Hole; 2 Leads; 0.3 in Pin Spacing"; VariantName = "[No Variations]"
Add component (AddParameter): Name = "PackageReference"; Value = "AXIAL-0.3"; VariantName = "[No Variations]"
Add component (AddParameter): Name = "Published"; Value = "8-Jun-2000"; VariantName = "[No Variations]"
Add component (AddParameter): Name = "Publisher"; Value = "Altium Limited"; VariantName = "[No Variations]"
Add component (AddParameter): Name = "Value"; Value = "68K"; VariantName = "[No Variations]"
Add Component: Footprint Not Found DIP794W45P254L959H508Q8
Added Component: Designator=U?(MODULE_ESP32-DEVKITC)
Add component (AddParameter): Name = "Availability"; Value = "In Stock"; VariantName = "[No Variations]"
Add component (AddParameter): Name = "Check_prices"; Value = "https://www.snapeda.com/parts/ESP32-DEVKITC/Espressif+Systems/view-part/?ref=eda"; VariantName = "[No Variations]"
Add component (AddParameter): Name = "Component Type"; Value = "Standard"; VariantName = "[No Variations]"
Add component (AddParameter): Name = "Design Item ID"; Value = "ESP32-DEVKITC"; VariantName = "[No Variations]"
Add component (AddParameter): Name = "MF"; Value = "Espressif Systems"; VariantName = "[No Variations]"
Add component (AddParameter): Name = "MP"; Value = "ESP32-DEVKITC"; VariantName = "[No Variations]"
Add component (AddParameter): Name = "Package"; Value = "None"; VariantName = "[No Variations]"
Add component (AddParameter): Name = "Pin Count"; Value = "38"; VariantName = "[No Variations]"
Add component (AddParameter): Name = "Price"; Value = "None"; VariantName = "[No Variations]"
Add component (AddParameter): Name = "Purchase-URL"; Value = "https://pricing.snapeda.com/search/part/ESP32-DEVKITC/?ref=eda"; VariantName = "[No Variations]"
Add component (AddParameter): Name = "SnapEDA_Link"; Value = "https://www.snapeda.com/parts/ESP32-DEVKITC/Espressif+Systems/view-part/?ref=snap"; VariantName = "[No Variations]"
Add component (AddParameter): Name = "Source"; Value = "ESP32-DEVKITC.SchLib"; VariantName = "[No Variations]"
Add component (AddParameter): Name = "Value"; Value = ""; VariantName = "[No Variations]"
Add Pin To Net: Unknown Pin: Pin B2-1
Add Pin To Net: Unknown Pin: Pin B2-2
Add Pin To Net: Unknown Pin: Pin B2-3
Add Pin To Net: Unknown Pin: Pin B3-1
Add Pin To Net: Unknown Pin: Pin B3-2
Add Pin To Net: Unknown Pin: Pin B4-1
Add Pin To Net: Unknown Pin: Pin B4-2
Add Pin To Net: Unknown Pin: Pin B5-1
Add Pin To Net: Unknown Pin: Pin B5-2
Add Pin To Net: Unknown Pin: Pin B6-1
Add Pin To Net: Unknown Pin: Pin B6-2
Add Pin To Net: Unknown Pin: Pin B7-1
Add Pin To Net: Unknown Pin: Pin B7-2
Add Pin To Net: Unknown Pin: Pin B8-1
Add Pin To Net: Unknown Pin: Pin B8-2
Added Pin To Net: NetName=GND Pin=J2-1
Added Pin To Net: NetName=VarResP6 Pin=J2-3
Added Pin To Net: NetName=GND Pin=P3-1
Added Pin To Net: NetName=3.3V Pin=P3-2
Added Pin To Net: NetName=GND Pin=R48-2
Added Pin To Net: NetName=GND Pin=R50-2
Added Pin To Net: NetName=Input Pin=R51-2
Add Pin To Net: Unknown Pin: Pin U9-1
Add Pin To Net: Unknown Pin: Pin U9-4
Add Pin To Net: Unknown Pin: Pin U9-5
Add Pin To Net: Unknown Pin: Pin U9-6
Add Pin To Net: Unknown Pin: Pin U9-8
Added Pin To Net: NetName=3.3V Pin=U?-1
Added Pin To Net: NetName=GND Pin=U?-14
Added Pin To Net: NetName=NetJ1_3 Pin=J1-3
Added Pin To Net: NetName=NetJ1_3 Pin=R49-1
Added Net: Name=NetJ1_3
Added Pin To Net: NetName=NetP3_3 Pin=P3-3
Added Pin To Net: NetName=NetP3_3 Pin=U?-36
Added Net: Name=NetP3_3
Added Pin To Net: NetName=NetP3_4 Pin=P3-4
Added Pin To Net: NetName=NetP3_4 Pin=U?-33
Added Net: Name=NetP3_4
Added Pin To Net: NetName=NetR48_1 Pin=R48-1
Added Pin To Net: NetName=NetR48_1 Pin=R49-2
Added Net: Name=NetR48_1
Added Pin To Net: NetName=NetR50_1 Pin=R50-1
Added Pin To Net: NetName=NetR50_1 Pin=R51-1
Added Net: Name=NetR50_1
Add Class Member: Failed to add class member : Component B2 LM7912CT_NOPB
Add Class Member: Failed to add class member : Component B3
Add Class Member: Failed to add class member : Component B4
Add Class Member: Failed to add class member : Component B5
Add Class Member: Failed to add class member : Component B6
Add Class Member: Failed to add class member : Component B7
Add Class Member: Failed to add class member : Component B8
Added Member To Class: ClassName=Main Member=Component C30 Cap Pol1
Added Member To Class: ClassName=Main Member=Component J2
Added Member To Class: ClassName=Main Member=Component P3 Display
Added Member To Class: ClassName=Main Member=Component R48 Res1
Added Member To Class: ClassName=Main Member=Component R49 Res1
Added Member To Class: ClassName=Main Member=Component R50 Res1
Added Member To Class: ClassName=Main Member=Component R51 Res1
Add Class Member: Failed to add class member : Component U9 TL072CP
Added Member To Class: ClassName=Main Member=Component U? ESP32-DEVKITC
