Removed Pin From Net: NetName=VarResP3 Pin=R23-1
Removed Pin From Net: NetName=out3 Pin=U6-1
Removed Pin From Net: NetName=VarResP3 Pin=U6-2
Removed Pin From Net: NetName=GND Pin=U6-3
Removed Pin From Net: NetName=V_NEG Pin=U6-4
Removed Pin From Net: NetName=GND Pin=U6-5
Removed Pin From Net: NetName=VarResP4 Pin=U6-6
Removed Pin From Net: NetName=out4 Pin=U6-7
Removed Pin From Net: NetName=V_POS Pin=U6-8
Removed Member From Class: ClassName=Main Member=U6
Change Component Footprint: Designator=R40 Old Footprint=AXIAL-0.3 New Footprint=RESA60-630X240
Change Component Footprint: Designator=U3 Old Footprint=DIP794W45P254L959H508Q8 New Footprint=DIP794W53P254L959H508Q8N
Change Component Comment : Designator=R40 Old Comment=Res1 New Comment=MFR-25FBF52-221R
Change Managed Component Library Link : Designator=R40 Old VaultGUID= New VaultGUID=661B04FD-AF58-419C-8CC9-EF4B2017241B Old ItemGUID= New ItemGUID=15FC6997-CDAC-4B6B-BC99-287A91C4499F Old RevisionGUID= New RevisionGUID=C696322B-FD77-45D8-8F5E-6E744EE73986
Change Managed Component Library Link : Designator=U3 Old VaultGUID=661B04FD-AF58-419C-8CC9-EF4B2017241B New VaultGUID= Old ItemGUID=EA2FA518-71DE-4B48-AD4E-07997BD36625 New ItemGUID= Old RevisionGUID=97283DFA-67FB-4709-AD3D-EB7DE95BD97B New RevisionGUID=
Change component parameters: Designator = "R40" ("R40"); Footprint = "AXIAL-0.3"; UniqueID = "\JBJUXHCI" ("\JBJUXHCI")
Change component parameters (AddParameter): Name = "Case/Package"; Value = "Axial"; VariantName = "[No Variations]"
Change component parameters (AddParameter): Name = "Datasheet URL"; Value = "http://www.yageo.com/documents/recent/Yageo%20LR_MFR_2013.pdf"; VariantName = "[No Variations]"
Change component parameters (AddParameter): Name = "Datasheet Version"; Value = "Apr-13"; VariantName = "[No Variations]"
Change component parameters (AddParameter): Name = "Manufacturer"; Value = "Yageo"; VariantName = "[No Variations]"
Change component parameters (AddParameter): Name = "Manufacturer URL"; Value = "http://www.yageo.com/"; VariantName = "[No Variations]"
Change component parameters (AddParameter): Name = "Max Operating Temperature"; Value = "155°C"; VariantName = "[No Variations]"
Change component parameters (AddParameter): Name = "Min Operating Temperature"; Value = "-55°C"; VariantName = "[No Variations]"
Change component parameters (AddParameter): Name = "Mounting Technology"; Value = "TH"; VariantName = "[No Variations]"
Change component parameters (AddParameter): Name = "Package Description"; Value = "2-Pin Axial Lead, Dia 2.4 mm, Body Length 6.3 mm"; VariantName = "[No Variations]"
Change component parameters (AddParameter): Name = "Package Quantity"; Value = "200"; VariantName = "[No Variations]"
Change component parameters (AddParameter): Name = "Package Reference"; Value = "MFR-25"; VariantName = "[No Variations]"
Change component parameters (AddParameter): Name = "Packaging"; Value = "Bulk"; VariantName = "[No Variations]"
Change component parameters (AddParameter): Name = "Pins"; Value = ""; VariantName = "[No Variations]"
Change component parameters (AddParameter): Name = "Power"; Value = "250mW"; VariantName = "[No Variations]"
Change component parameters (AddParameter): Name = "RoHS Compliant"; Value = "True"; VariantName = "[No Variations]"
Change component parameters (AddParameter): Name = "Tolerance"; Value = "1%"; VariantName = "[No Variations]"
Change component parameters (AddParameter): Name = "Value"; Value = "2.2K"; VariantName = "[No Variations]"
Change component parameters (AddParameter): Name = "Voltage Rating"; Value = "250V"; VariantName = "[No Variations]"
Change component parameters: Designator = "U3" ("U3"); Footprint = "DIP794W45P254L959H508Q8"; UniqueID = "\OTRGJIOI" ("\OTRGJIOI")
Change component parameters (AddParameter): Name = "Arrow Part Number"; Value = "TL072CP"; VariantName = "[No Variations]"
Change component parameters (AddParameter): Name = "Arrow Price/Stock"; Value = "https://www.arrow.com/en/products/tl072cp/texas-instruments?region=nac"; VariantName = "[No Variations]"
Change component parameters (AddParameter): Name = "Datasheet Link"; Value = "http://www.ti.com/lit/ds/symlink/tl071a.pdf"; VariantName = "[No Variations]"
Change component parameters (AddParameter): Name = "Height"; Value = "5.08mm"; VariantName = "[No Variations]"
Change component parameters (AddParameter): Name = "Manufacturer_Name"; Value = "Texas Instruments"; VariantName = "[No Variations]"
Change component parameters (AddParameter): Name = "Manufacturer_Part_Number"; Value = "TL072CP"; VariantName = "[No Variations]"
Change component parameters (AddParameter): Name = "Mouser Part Number"; Value = "595-TL072CP"; VariantName = "[No Variations]"
Change component parameters (AddParameter): Name = "Mouser Price/Stock"; Value = "https://www.mouser.co.uk/ProductDetail/Texas-Instruments/TL072CP?qs=5nGYs9Do7G3e6Tx9uHIgUA%3D%3D"; VariantName = "[No Variations]"
Added Component: Designator=U?(DIP794W53P254L959H508Q8N)
Add component (AddParameter): Name = "Arrow Part Number"; Value = "TL072CP"; VariantName = "[No Variations]"
Add component (AddParameter): Name = "Arrow Price/Stock"; Value = "https://www.arrow.com/en/products/tl072cp/texas-instruments?region=nac"; VariantName = "[No Variations]"
Add component (AddParameter): Name = "Datasheet Link"; Value = "http://www.ti.com/lit/ds/symlink/tl071a.pdf"; VariantName = "[No Variations]"
Add component (AddParameter): Name = "Height"; Value = "5.08mm"; VariantName = "[No Variations]"
Add component (AddParameter): Name = "Manufacturer_Name"; Value = "Texas Instruments"; VariantName = "[No Variations]"
Add component (AddParameter): Name = "Manufacturer_Part_Number"; Value = "TL072CP"; VariantName = "[No Variations]"
Add component (AddParameter): Name = "Mouser Part Number"; Value = "595-TL072CP"; VariantName = "[No Variations]"
Add component (AddParameter): Name = "Mouser Price/Stock"; Value = "https://www.mouser.co.uk/ProductDetail/Texas-Instruments/TL072CP?qs=5nGYs9Do7G3e6Tx9uHIgUA%3D%3D"; VariantName = "[No Variations]"
Added Pin To Net: NetName=out3 Pin=R23-1
Added Pin To Net: NetName=out3 Pin=U?-1
Added Pin To Net: NetName=out3 Pin=U?-2
Added Pin To Net: NetName=GND Pin=U?-3
Added Pin To Net: NetName=V_NEG Pin=U?-4
Added Pin To Net: NetName=GND Pin=U?-5
Added Pin To Net: NetName=VarResP4 Pin=U?-6
Added Pin To Net: NetName=out4 Pin=U?-7
Added Pin To Net: NetName=V_POS Pin=U?-8
Added Member To Class: ClassName=Main Member=Component U? TL072CP
