Removed Pin From Net: NetName=out3 Pin=R23-1
Removed Pin From Net: NetName=out3 Pin=U6-2
Added Pin To Net: NetName=VarResP1 Pin=B3-1
Added Pin To Net: NetName=out1 Pin=B3-2
Added Pin To Net: NetName=VarResP2 Pin=B4-1
Added Pin To Net: NetName=out2 Pin=B4-2
Added Pin To Net: NetName=out3 Pin=B5-2
Added Pin To Net: NetName=VarResP4 Pin=B6-1
Added Pin To Net: NetName=out4 Pin=B6-2
Added Pin To Net: NetName=VarResP5 Pin=B7-1
Added Pin To Net: NetName=out5 Pin=B7-2
Added Pin To Net: NetName=VarResN6 Pin=B8-1
Added Pin To Net: NetName=mainout Pin=B8-2
Added Pin To Net: NetName=V_POS Pin=P6-1
Added Pin To Net: NetName=Input Pin=R1-1
Added Pin To Net: NetName=Filter1Out Pin=R7-2
Added Pin To Net: NetName=Filter2Out Pin=R15-2
Added Pin To Net: NetName=Input Pin=R17-1
Added Pin To Net: NetName=Filter3Out Pin=R23-2
Added Pin To Net: NetName=Filter4Out Pin=R24-2
Added Pin To Net: NetName=Input Pin=R26-1
Added Pin To Net: NetName=Input Pin=R34-1
Added Pin To Net: NetName=Filter5Out Pin=R40-2
Added Pin To Net: NetName=out1 Pin=R42-2
Added Pin To Net: NetName=out2 Pin=R43-2
Added Pin To Net: NetName=out3 Pin=R44-2
Added Pin To Net: NetName=out4 Pin=R45-2
Added Pin To Net: NetName=out5 Pin=R46-2
Added Pin To Net: NetName=V_POS Pin=U1-8
Added Pin To Net: NetName=V_POS Pin=U2-8
Added Pin To Net: NetName=V_POS Pin=U3-8
Added Pin To Net: NetName=V_POS Pin=U4-8
Added Pin To Net: NetName=V_POS Pin=U5-8
Added Pin To Net: NetName=V_POS Pin=U6-8
Added Pin To Net: NetName=V_POS Pin=U7-8
Added Pin To Net: NetName=V_POS Pin=U8-8
Added Pin To Net: NetName=V_POS Pin=U9-8
Added Pin To Net: NetName=V_NEG Pin=P6-3
Added Pin To Net: NetName=V_NEG Pin=U1-4
Added Pin To Net: NetName=V_NEG Pin=U2-4
Added Pin To Net: NetName=V_NEG Pin=U3-4
Added Pin To Net: NetName=V_NEG Pin=U4-4
Added Pin To Net: NetName=V_NEG Pin=U5-4
Added Pin To Net: NetName=V_NEG Pin=U6-4
Added Pin To Net: NetName=V_NEG Pin=U7-4
Added Pin To Net: NetName=V_NEG Pin=U8-4
Added Pin To Net: NetName=V_NEG Pin=U9-4
Added Net: Name=V_NEG
Added Pin To Net: NetName=VarResP3 Pin=B5-1
Added Pin To Net: NetName=VarResP3 Pin=R23-1
Added Pin To Net: NetName=VarResP3 Pin=U6-2
Added Net: Name=VarResP3
