Removed Pin From Net: NetName=GND Pin=B1-2
Removed Pin From Net: NetName=GND Pin=B2-2
Removed Pin From Net: NetName=GND Pin=C22-2
Removed Pin From Net: NetName=GND Pin=C23-1
Removed Pin From Net: NetName=GND Pin=C24-1
Removed Pin From Net: NetName=GND Pin=C25-2
Removed Pin From Net: NetName=V_POS Pin=C30-1
Removed Pin From Net: NetName=GND Pin=C30-2
Removed Pin From Net: NetName=GND Pin=C31-1
Removed Pin From Net: NetName=GND Pin=P5-2
Removed Pin From Net: NetName=GND Pin=Q1-3
Removed Pin From Net: NetName=GND Pin=Q2-3
Removed Pin From Net: NetName=mainout Pin=R52-1
Removed Pin From Net: NetName=out1 Pin=R53-1
Removed Pin From Net: NetName=out2 Pin=R54-1
Removed Pin From Net: NetName=out3 Pin=R55-1
Removed Pin From Net: NetName=out4 Pin=R56-1
Removed Pin From Net: NetName=out5 Pin=R57-1
Removed Pin From Net: NetName=GND Pin=R58-2
Removed Pin From Net: NetName=GND Pin=R59-2
Removed Pin From Net: NetName=GND Pin=R60-2
Removed Pin From Net: NetName=GND Pin=R61-2
Removed Pin From Net: NetName=GND Pin=R62-2
Removed Pin From Net: NetName=GND Pin=R63-2
Removed Pin From Net: NetName=GND Pin=U12-2
Removed Pin From Net: NetName=GND Pin=U12-5
Removed Pin From Net: NetName=V_POS Pin=VR33-1
Removed Pin From Net: NetName=GND Pin=VR33-2
Removed Member From Class: ClassName=Main Member=C30
Removed Member From Class: ClassName=Main Member=C31
Removed Member From Class: ClassName=Main Member=R52
Removed Member From Class: ClassName=Main Member=R53
Removed Member From Class: ClassName=Main Member=R54
Removed Member From Class: ClassName=Main Member=R55
Removed Member From Class: ClassName=Main Member=R56
Removed Member From Class: ClassName=Main Member=R57
Removed Member From Class: ClassName=Main Member=R58
Removed Member From Class: ClassName=Main Member=R59
Removed Member From Class: ClassName=Main Member=R60
Removed Member From Class: ClassName=Main Member=R61
Removed Member From Class: ClassName=Main Member=R62
Removed Member From Class: ClassName=Main Member=R63
Removed Member From Class: ClassName=Main Member=VR33
Added Component: Designator=P8(B2BXHAMLFSN)
Add component (AddParameter): Name = "Arrow Part Number"; Value = "B2B-XH-AM(LF)(SN)"; VariantName = "[No Variations]"
Add component (AddParameter): Name = "Arrow Price/Stock"; Value = "https://www.arrow.com/en/products/b2b-xh-am-lf-sn/jst-manufacturing?region=europe"; VariantName = "[No Variations]"
Add component (AddParameter): Name = "Datasheet Link"; Value = "https://www.jst-mfg.com/product/pdf/eng/eXH.pdf"; VariantName = "[No Variations]"
Add component (AddParameter): Name = "Height"; Value = "7mm"; VariantName = "[No Variations]"
Add component (AddParameter): Name = "Manufacturer_Name"; Value = "JST (JAPAN SOLDERLESS TERMINALS)"; VariantName = "[No Variations]"
Add component (AddParameter): Name = "Manufacturer_Part_Number"; Value = "B2B-XH-AM(LF)(SN)"; VariantName = "[No Variations]"
Add component (AddParameter): Name = "Mouser Part Number"; Value = ""; VariantName = "[No Variations]"
Add component (AddParameter): Name = "Mouser Price/Stock"; Value = ""; VariantName = "[No Variations]"
Added Pin To Net: NetName=GND Pin=P8-1
Added Pin To Net: NetName=V_POS Pin=P8-2
Added Member To Class: ClassName=Main Member=Component P8 B2B-XH-AM_LF__SN_
